[18:49:06] [main/INFO]: Loading Minecraft 1.16.5 with Fabric Loader 0.16.10
[18:49:06] [main/INFO]: Loading 4 mods:
	- fabricloader 0.16.10
	   \-- mixinextras 0.4.1
	- java 21
	- minecraft 1.16.5
[18:49:06] [main/INFO]: SpongePowered MIXIN Subsystem Version=0.8.7 Source=file:/workspaces/mc/minecraft_server_fabric/libraries/net/fabricmc/sponge-mixin/0.15.4+mixin.0.8.7/sponge-mixin-0.15.4+mixin.0.8.7.jar Service=Knot/Fabric Env=SERVER
[18:49:11] [main/INFO]: Environment: authHost='https://authserver.mojang.com', accountsHost='https://api.mojang.com', sessionHost='https://sessionserver.mojang.com', servicesHost='https://api.minecraftservices.com', name='PROD'
[18:49:12] [main/WARN]: Ambiguity between arguments [teleport, destination] and [teleport, targets] with inputs: [Player, 0123, @e, dd12be42-52a9-4a91-a8a1-11c01849e498]
[18:49:12] [main/WARN]: Ambiguity between arguments [teleport, location] and [teleport, destination] with inputs: [0.1 -0.5 .9, 0 0 0]
[18:49:12] [main/WARN]: Ambiguity between arguments [teleport, location] and [teleport, targets] with inputs: [0.1 -0.5 .9, 0 0 0]
[18:49:12] [main/WARN]: Ambiguity between arguments [teleport, targets] and [teleport, destination] with inputs: [Player, 0123, dd12be42-52a9-4a91-a8a1-11c01849e498]
[18:49:12] [main/WARN]: Ambiguity between arguments [teleport, targets, location] and [teleport, targets, destination] with inputs: [0.1 -0.5 .9, 0 0 0]
[18:49:12] [main/INFO]: Reloading ResourceManager: Default
[18:49:12] [Worker-Main-4/INFO]: Loaded 7 recipes
[18:49:13] [Worker-Main-4/INFO]: Loaded 927 advancements
[18:49:15] [Server thread/INFO]: Starting minecraft server version 1.16.5
[18:49:15] [Server thread/INFO]: Loading properties
[18:49:15] [Server thread/INFO]: Default game type: SURVIVAL
[18:49:15] [Server thread/INFO]: Generating keypair
[18:49:15] [Server thread/INFO]: Starting Minecraft server on *:25565
[18:49:15] [Server thread/INFO]: Using epoll channel type
[18:49:15] [Server thread/INFO]: Preparing level "world"
[18:49:15] [Server thread/INFO]: Preparing start region for dimension minecraft:overworld
[18:49:17] [Server thread/INFO]: Preparing spawn area: 0%
[18:49:17] [Server thread/INFO]: Preparing spawn area: 0%
[18:49:17] [Server thread/INFO]: Preparing spawn area: 0%
[18:49:17] [Server thread/INFO]: Preparing spawn area: 0%
[18:49:17] [Server thread/INFO]: Preparing spawn area: 0%
[18:49:20] [Worker-Main-5/INFO]: Preparing spawn area: 83%
[18:49:20] [Worker-Main-4/INFO]: Preparing spawn area: 83%
[18:49:20] [Worker-Main-4/INFO]: Preparing spawn area: 83%
[18:49:20] [Worker-Main-4/INFO]: Preparing spawn area: 83%
[18:49:20] [Worker-Main-4/INFO]: Preparing spawn area: 83%
[18:49:21] [Worker-Main-5/INFO]: Preparing spawn area: 83%
[18:49:21] [Worker-Main-4/INFO]: Preparing spawn area: 83%
[18:49:21] [Worker-Main-5/INFO]: Preparing spawn area: 83%
[18:49:22] [Worker-Main-6/INFO]: Preparing spawn area: 83%
[18:49:22] [Worker-Main-4/INFO]: Preparing spawn area: 83%
[18:49:23] [Worker-Main-4/INFO]: Preparing spawn area: 83%
[18:49:23] [Worker-Main-6/INFO]: Preparing spawn area: 83%
[18:49:24] [Worker-Main-5/INFO]: Preparing spawn area: 83%
[18:49:24] [Worker-Main-4/INFO]: Preparing spawn area: 83%
[18:49:25] [Worker-Main-5/INFO]: Preparing spawn area: 86%
[18:49:25] [Worker-Main-4/INFO]: Preparing spawn area: 91%
[18:49:26] [Server thread/INFO]: Preparing spawn area: 93%
[18:49:26] [Worker-Main-5/INFO]: Preparing spawn area: 96%
[18:49:27] [Server thread/INFO]: Time elapsed: 11444 ms
[18:49:27] [Server thread/INFO]: Done (11.606s)! For help, type "help"
[18:49:46] [User Authenticator #1/INFO]: UUID of player Larintb868 is 9815b6cc-9a42-4d3a-a564-2c7412a68e71
[18:49:46] [Server thread/INFO]: Larintb868[/[0:0:0:0:0:0:0:1%0]:57806] logged in with entity id 117 at (208.5, 63.0, -247.5)
[18:49:46] [Server thread/INFO]: Larintb868 joined the game
[18:50:54] [Server thread/INFO]: Gave 1 [Wooden Axe] to Larintb868
[18:51:04] [Server thread/INFO]: Larintb868 lost connection: Disconnected
[18:51:04] [Server thread/INFO]: Larintb868 left the game
[18:51:06] [Server thread/INFO]: Stopping the server
[18:51:06] [Server thread/INFO]: Stopping server
[18:51:06] [Server thread/INFO]: Saving players
[18:51:06] [Server thread/INFO]: Saving worlds
[18:51:06] [Server thread/INFO]: Saving chunks for level 'ServerLevel[world]'/minecraft:overworld
[18:51:08] [Server thread/INFO]: ThreadedAnvilChunkStorage (world): All chunks are saved
[18:51:08] [Server thread/INFO]: Saving chunks for level 'ServerLevel[world]'/minecraft:the_nether
[18:51:08] [Server thread/INFO]: ThreadedAnvilChunkStorage (DIM-1): All chunks are saved
[18:51:08] [Server thread/INFO]: Saving chunks for level 'ServerLevel[world]'/minecraft:the_end
[18:51:08] [Server thread/INFO]: ThreadedAnvilChunkStorage (DIM1): All chunks are saved
[18:51:08] [Server thread/INFO]: ThreadedAnvilChunkStorage (world): All chunks are saved
[18:51:08] [Server thread/INFO]: ThreadedAnvilChunkStorage (DIM-1): All chunks are saved
[18:51:08] [Server thread/INFO]: ThreadedAnvilChunkStorage (DIM1): All chunks are saved
